<?xml version="1.0" encoding="UTF-8"?>
<testsuite name="WallServicesTest" tests="1" skipped="0" failures="0" errors="0" timestamp="2022-04-08T07:24:19" hostname="СОНИ-ПК" time="0.305">
  <properties/>
  <testcase name="createCommentAdd" classname="WallServicesTest" time="0.305"/>
  <system-out><![CDATA[]]></system-out>
  <system-err><![CDATA[]]></system-err>
</testsuite>
