<?xml version="1.0" encoding="UTF-8"?>
<testsuite name="WallServicesTest" tests="1" skipped="0" failures="0" errors="0" timestamp="2022-03-30T12:02:53" hostname="СОНИ-ПК" time="0.336">
  <properties/>
  <testcase name="createCommentException" classname="WallServicesTest" time="0.336"/>
  <system-out><![CDATA[]]></system-out>
  <system-err><![CDATA[]]></system-err>
</testsuite>
