<?xml version="1.0" encoding="UTF-8"?>
<testsuite name="WallServicesTest" tests="4" skipped="0" failures="0" errors="0" timestamp="2022-04-08T05:51:37" hostname="СОНИ-ПК" time="0.522">
  <properties/>
  <testcase name="createCommentAdd" classname="WallServicesTest" time="0.472"/>
  <testcase name="updateError" classname="WallServicesTest" time="0.001"/>
  <testcase name="updateCompleted" classname="WallServicesTest" time="0.009"/>
  <testcase name="add" classname="WallServicesTest" time="0.039"/>
  <system-out><![CDATA[]]></system-out>
  <system-err><![CDATA[]]></system-err>
</testsuite>
